  소스.c
C:\Users\User\OneDrive\바탕 화면\실습8\소스.c(37,16): warning C4047: '함수': 'int *'의 간접 참조 수준이 'int (*)[5]'과(와) 다릅니다.
C:\Users\User\OneDrive\바탕 화면\실습8\소스.c(37,14): warning C4024: 'print_array': 형식 및 실제 매개 변수 1의 형식이 서로 다릅니다.
C:\Users\User\OneDrive\바탕 화면\실습8\소스.c(40,16): warning C4047: '함수': 'int *'의 간접 참조 수준이 'int (*)[5]'과(와) 다릅니다.
C:\Users\User\OneDrive\바탕 화면\실습8\소스.c(40,14): warning C4024: 'print_array': 형식 및 실제 매개 변수 1의 형식이 서로 다릅니다.
C:\Users\User\OneDrive\바탕 화면\실습8\소스.c(45,16): warning C4047: '함수': 'int *'의 간접 참조 수준이 'int (*)[5]'과(와) 다릅니다.
C:\Users\User\OneDrive\바탕 화면\실습8\소스.c(45,14): warning C4024: 'print_array': 형식 및 실제 매개 변수 1의 형식이 서로 다릅니다.
C:\Users\User\OneDrive\바탕 화면\실습8\소스.c(48,16): warning C4047: '함수': 'int *'의 간접 참조 수준이 'int (*)[5]'과(와) 다릅니다.
C:\Users\User\OneDrive\바탕 화면\실습8\소스.c(48,14): warning C4024: 'print_array': 형식 및 실제 매개 변수 1의 형식이 서로 다릅니다.
C:\Users\User\OneDrive\바탕 화면\실습8\소스.c(59,77): warning C4047: '함수': 'int *'의 간접 참조 수준이 'int (*)[10]'과(와) 다릅니다.
C:\Users\User\OneDrive\바탕 화면\실습8\소스.c(59,72): warning C4024: 'search': 형식 및 실제 매개 변수 1의 형식이 서로 다릅니다.
C:\Users\User\OneDrive\바탕 화면\실습8\소스.c(68,18): warning C4047: '함수': 'char *'의 간접 참조 수준이 'int'과(와) 다릅니다.
C:\Users\User\OneDrive\바탕 화면\실습8\소스.c(68,15): warning C4024: 'print_array2': 형식 및 실제 매개 변수 1의 형식이 서로 다릅니다.
C:\Users\User\OneDrive\바탕 화면\실습8\소스.c(68,22): warning C4047: '함수': 'int *'의 간접 참조 수준이 'int (*)[5]'과(와) 다릅니다.
C:\Users\User\OneDrive\바탕 화면\실습8\소스.c(68,20): warning C4024: 'print_array2': 형식 및 실제 매개 변수 2의 형식이 서로 다릅니다.
C:\Users\User\OneDrive\바탕 화면\실습8\소스.c(69,18): warning C4047: '함수': 'char *'의 간접 참조 수준이 'int'과(와) 다릅니다.
C:\Users\User\OneDrive\바탕 화면\실습8\소스.c(69,15): warning C4024: 'print_array2': 형식 및 실제 매개 변수 1의 형식이 서로 다릅니다.
C:\Users\User\OneDrive\바탕 화면\실습8\소스.c(69,22): warning C4047: '함수': 'int *'의 간접 참조 수준이 'int (*)[5]'과(와) 다릅니다.
C:\Users\User\OneDrive\바탕 화면\실습8\소스.c(69,20): warning C4024: 'print_array2': 형식 및 실제 매개 변수 2의 형식이 서로 다릅니다.
C:\Users\User\OneDrive\바탕 화면\실습8\소스.c(73,18): warning C4047: '함수': 'char *'의 간접 참조 수준이 'int'과(와) 다릅니다.
C:\Users\User\OneDrive\바탕 화면\실습8\소스.c(73,15): warning C4024: 'print_array2': 형식 및 실제 매개 변수 1의 형식이 서로 다릅니다.
C:\Users\User\OneDrive\바탕 화면\실습8\소스.c(73,22): warning C4047: '함수': 'int *'의 간접 참조 수준이 'int (*)[10]'과(와) 다릅니다.
C:\Users\User\OneDrive\바탕 화면\실습8\소스.c(73,20): warning C4024: 'print_array2': 형식 및 실제 매개 변수 2의 형식이 서로 다릅니다.
C:\Users\User\OneDrive\바탕 화면\실습8\소스.c(112,9): warning C4477: 'printf' : 서식 문자열 '%c'에 'int' 형식의 인수가 필요하지만 variadic 인수 1의 형식이 'char *'입니다.
C:\Users\User\OneDrive\바탕 화면\실습8\소스.c(108): warning C4715: 'search': 모든 제어 경로에서 값을 반환하지는 않습니다.
  실습8.vcxproj -> C:\Users\User\OneDrive\바탕 화면\실습8\Debug\실습8.exe
